<?xml version="1.0" encoding="UTF-8"?>
<!-- Generated by org.testng.reporters.JUnitXMLReporter -->
<testsuite ignored="0" hostname="Benjamin-D-1" failures="0" tests="8" name="Default test" time="23.124" errors="0" timestamp="2023-08-29T20:23:12 IST">
  <testcase classname="mandatoryHomeWork.restAssuredAPITesting.herokuRestfulBooker.HealthCheck" name="ping" time="5.17"/>
  <testcase classname="mandatoryHomeWork.restAssuredAPITesting.herokuRestfulBooker.CreateToken" name="createToken" time="2.948"/>
  <testcase classname="mandatoryHomeWork.restAssuredAPITesting.herokuRestfulBooker.CreateBooking" name="createBooking" time="2.064"/>
  <testcase classname="mandatoryHomeWork.restAssuredAPITesting.herokuRestfulBooker.GetBookingIDs" name="getBookingIDs" time="2.822"/>
  <testcase classname="mandatoryHomeWork.restAssuredAPITesting.herokuRestfulBooker.GetBooking" name="getBooking" time="2.351"/>
  <testcase classname="mandatoryHomeWork.restAssuredAPITesting.herokuRestfulBooker.UpdateBooking" name="updateBooking" time="3.027"/>
  <testcase classname="mandatoryHomeWork.restAssuredAPITesting.herokuRestfulBooker.DeleteBooking" name="deleteBooking" time="2.174"/>
  <testcase classname="mandatoryHomeWork.restAssuredAPITesting.herokuRestfulBooker.GetBooking1" name="getBooking1" time="2.499"/>
</testsuite> <!-- Default test -->
