<?xml version="1.0" encoding="UTF-8"?>
<!-- Generated by org.testng.reporters.JUnitXMLReporter -->
<testsuite ignored="0" hostname="Benjamin-D-1" failures="0" tests="7" name="Default test" time="25.412" errors="0" timestamp="2023-09-13T19:15:36 IST">
  <testcase classname="mandatoryHomeWork.restAssuredAPITesting.herokuRestfulBooker.HerokuBooker" name="ping" time="6.516"/>
  <testcase classname="mandatoryHomeWork.restAssuredAPITesting.herokuRestfulBooker.HerokuBooker" name="createToken" time="2.791"/>
  <testcase classname="mandatoryHomeWork.restAssuredAPITesting.herokuRestfulBooker.HerokuBooker" name="createBooking" time="1.969"/>
  <testcase classname="mandatoryHomeWork.restAssuredAPITesting.herokuRestfulBooker.HerokuBooker" name="getBookingIDs" time="4.188"/>
  <testcase classname="mandatoryHomeWork.restAssuredAPITesting.herokuRestfulBooker.HerokuBooker" name="getBooking" time="4.381"/>
  <testcase classname="mandatoryHomeWork.restAssuredAPITesting.herokuRestfulBooker.HerokuBooker" name="updateBooking" time="1.928"/>
  <testcase classname="mandatoryHomeWork.restAssuredAPITesting.herokuRestfulBooker.HerokuBooker" name="deleteBooking" time="3.499"/>
</testsuite> <!-- Default test -->
