<?xml version="1.0" encoding="UTF-8"?>
<testng-results ignored="0" total="7" passed="7" failed="0" skipped="0">
  <reporter-output>
  </reporter-output>
  <suite started-at="2023-09-05T19:09:04 IST" name="Default suite" finished-at="2023-09-05T19:09:28 IST" duration-ms="24276">
    <groups>
    </groups>
    <test started-at="2023-09-05T19:09:04 IST" name="Default test" finished-at="2023-09-05T19:09:28 IST" duration-ms="24276">
      <class name="mandatoryHomeWork.restAssuredAPITesting.herokuRestfulBooker.HerokuBooker">
        <test-method signature="ping()[pri:0, instance:mandatoryHomeWork.restAssuredAPITesting.herokuRestfulBooker.HerokuBooker@4a94ee4]" started-at="2023-09-05T19:09:04 IST" name="ping" finished-at="2023-09-05T19:09:10 IST" duration-ms="6074" status="PASS">
          <reporter-output>
          </reporter-output>
        </test-method> <!-- ping -->
        <test-method signature="createToken()[pri:0, instance:mandatoryHomeWork.restAssuredAPITesting.herokuRestfulBooker.HerokuBooker@4a94ee4]" started-at="2023-09-05T19:09:10 IST" name="createToken" finished-at="2023-09-05T19:09:13 IST" depends-on-methods="mandatoryHomeWork.restAssuredAPITesting.herokuRestfulBooker.HerokuBooker.ping" duration-ms="2758" status="PASS">
          <reporter-output>
          </reporter-output>
        </test-method> <!-- createToken -->
        <test-method signature="createBooking()[pri:0, instance:mandatoryHomeWork.restAssuredAPITesting.herokuRestfulBooker.HerokuBooker@4a94ee4]" started-at="2023-09-05T19:09:13 IST" name="createBooking" finished-at="2023-09-05T19:09:15 IST" depends-on-methods="mandatoryHomeWork.restAssuredAPITesting.herokuRestfulBooker.HerokuBooker.createToken" duration-ms="2159" status="PASS">
          <reporter-output>
          </reporter-output>
        </test-method> <!-- createBooking -->
        <test-method signature="getBookingIDs()[pri:0, instance:mandatoryHomeWork.restAssuredAPITesting.herokuRestfulBooker.HerokuBooker@4a94ee4]" started-at="2023-09-05T19:09:15 IST" name="getBookingIDs" finished-at="2023-09-05T19:09:20 IST" depends-on-methods="mandatoryHomeWork.restAssuredAPITesting.herokuRestfulBooker.HerokuBooker.createBooking" duration-ms="4897" status="PASS">
          <reporter-output>
          </reporter-output>
        </test-method> <!-- getBookingIDs -->
        <test-method signature="getBooking()[pri:0, instance:mandatoryHomeWork.restAssuredAPITesting.herokuRestfulBooker.HerokuBooker@4a94ee4]" started-at="2023-09-05T19:09:20 IST" name="getBooking" finished-at="2023-09-05T19:09:22 IST" depends-on-methods="mandatoryHomeWork.restAssuredAPITesting.herokuRestfulBooker.HerokuBooker.getBookingIDs" duration-ms="2388" status="PASS">
          <reporter-output>
          </reporter-output>
        </test-method> <!-- getBooking -->
        <test-method signature="updateBooking()[pri:0, instance:mandatoryHomeWork.restAssuredAPITesting.herokuRestfulBooker.HerokuBooker@4a94ee4]" started-at="2023-09-05T19:09:22 IST" name="updateBooking" finished-at="2023-09-05T19:09:25 IST" depends-on-methods="mandatoryHomeWork.restAssuredAPITesting.herokuRestfulBooker.HerokuBooker.getBooking" duration-ms="2682" status="PASS">
          <reporter-output>
          </reporter-output>
        </test-method> <!-- updateBooking -->
        <test-method signature="deleteBooking()[pri:0, instance:mandatoryHomeWork.restAssuredAPITesting.herokuRestfulBooker.HerokuBooker@4a94ee4]" started-at="2023-09-05T19:09:25 IST" name="deleteBooking" finished-at="2023-09-05T19:09:28 IST" depends-on-methods="mandatoryHomeWork.restAssuredAPITesting.herokuRestfulBooker.HerokuBooker.updateBooking" duration-ms="3199" status="PASS">
          <reporter-output>
          </reporter-output>
        </test-method> <!-- deleteBooking -->
      </class> <!-- mandatoryHomeWork.restAssuredAPITesting.herokuRestfulBooker.HerokuBooker -->
    </test> <!-- Default test -->
  </suite> <!-- Default suite -->
</testng-results>
