<?xml version="1.0" encoding="UTF-8"?>
<testng-results ignored="0" total="7" passed="7" failed="0" skipped="0">
  <reporter-output>
  </reporter-output>
  <suite started-at="2023-09-13T19:15:10 IST" name="Default suite" finished-at="2023-09-13T19:15:35 IST" duration-ms="25412">
    <groups>
    </groups>
    <test started-at="2023-09-13T19:15:10 IST" name="Default test" finished-at="2023-09-13T19:15:35 IST" duration-ms="25412">
      <class name="mandatoryHomeWork.restAssuredAPITesting.herokuRestfulBooker.HerokuBooker">
        <test-method signature="ping()[pri:0, instance:mandatoryHomeWork.restAssuredAPITesting.herokuRestfulBooker.HerokuBooker@6379eb]" started-at="2023-09-13T19:15:10 IST" name="ping" finished-at="2023-09-13T19:15:17 IST" duration-ms="6516" status="PASS">
          <reporter-output>
          </reporter-output>
        </test-method> <!-- ping -->
        <test-method signature="createToken()[pri:0, instance:mandatoryHomeWork.restAssuredAPITesting.herokuRestfulBooker.HerokuBooker@6379eb]" started-at="2023-09-13T19:15:17 IST" name="createToken" finished-at="2023-09-13T19:15:19 IST" depends-on-methods="mandatoryHomeWork.restAssuredAPITesting.herokuRestfulBooker.HerokuBooker.ping" duration-ms="2791" status="PASS">
          <reporter-output>
          </reporter-output>
        </test-method> <!-- createToken -->
        <test-method signature="createBooking()[pri:0, instance:mandatoryHomeWork.restAssuredAPITesting.herokuRestfulBooker.HerokuBooker@6379eb]" started-at="2023-09-13T19:15:19 IST" name="createBooking" finished-at="2023-09-13T19:15:21 IST" depends-on-methods="mandatoryHomeWork.restAssuredAPITesting.herokuRestfulBooker.HerokuBooker.createToken" duration-ms="1969" status="PASS">
          <reporter-output>
          </reporter-output>
        </test-method> <!-- createBooking -->
        <test-method signature="getBookingIDs()[pri:0, instance:mandatoryHomeWork.restAssuredAPITesting.herokuRestfulBooker.HerokuBooker@6379eb]" started-at="2023-09-13T19:15:21 IST" name="getBookingIDs" finished-at="2023-09-13T19:15:26 IST" depends-on-methods="mandatoryHomeWork.restAssuredAPITesting.herokuRestfulBooker.HerokuBooker.createBooking" duration-ms="4188" status="PASS">
          <reporter-output>
          </reporter-output>
        </test-method> <!-- getBookingIDs -->
        <test-method signature="getBooking()[pri:0, instance:mandatoryHomeWork.restAssuredAPITesting.herokuRestfulBooker.HerokuBooker@6379eb]" started-at="2023-09-13T19:15:26 IST" name="getBooking" finished-at="2023-09-13T19:15:30 IST" depends-on-methods="mandatoryHomeWork.restAssuredAPITesting.herokuRestfulBooker.HerokuBooker.getBookingIDs" duration-ms="4381" status="PASS">
          <reporter-output>
          </reporter-output>
        </test-method> <!-- getBooking -->
        <test-method signature="updateBooking()[pri:0, instance:mandatoryHomeWork.restAssuredAPITesting.herokuRestfulBooker.HerokuBooker@6379eb]" started-at="2023-09-13T19:15:30 IST" name="updateBooking" finished-at="2023-09-13T19:15:32 IST" depends-on-methods="mandatoryHomeWork.restAssuredAPITesting.herokuRestfulBooker.HerokuBooker.getBooking" duration-ms="1928" status="PASS">
          <reporter-output>
          </reporter-output>
        </test-method> <!-- updateBooking -->
        <test-method signature="deleteBooking()[pri:0, instance:mandatoryHomeWork.restAssuredAPITesting.herokuRestfulBooker.HerokuBooker@6379eb]" started-at="2023-09-13T19:15:32 IST" name="deleteBooking" finished-at="2023-09-13T19:15:35 IST" depends-on-methods="mandatoryHomeWork.restAssuredAPITesting.herokuRestfulBooker.HerokuBooker.updateBooking" duration-ms="3499" status="PASS">
          <reporter-output>
          </reporter-output>
        </test-method> <!-- deleteBooking -->
      </class> <!-- mandatoryHomeWork.restAssuredAPITesting.herokuRestfulBooker.HerokuBooker -->
    </test> <!-- Default test -->
  </suite> <!-- Default suite -->
</testng-results>
